Build started 10/11/2015 5:26:07 PM.
     1>Project "C:\zhiping\bbw-plugin\BBWeightsCmd\src\BBWeightsCmd\BBWeightsCmd\BBWeightsCmd.vcxproj" on node 2 (Build target(s)).
     1>ClCompile:
         C:\Program Files (x86)\Microsoft Visual Studio 12.0\VC\bin\x86_amd64\CL.exe /c /I"C:\Program Files\Mosek\7\tools\platform\win64x86\h" /IC:\zhiping\SurfaceAnimationSoftBody\include /I"C:\zhiping\eigen-master" /I"C:\Program Files\Autodesk\maya2016\include" /Zi /nologo /W3 /WX- /sdl /O2 /Oi /GL /D WIN32 /D _WINDOWS /D NDEBUG /D REQUIRE_IOSTREAM /D _BOOL /D NT_PLUGIN /D "CMAKE_INTDIR=\"Release\"" /D BBWeights_EXPORTS /D _WINDLL /D _MBCS /Gm- /EHsc /MD /GS /Gy /fp:precise /Zc:wchar_t /Zc:forScope /Fo"x64\Release\\" /Fd"x64\Release\vc120.pdb" /Gd /TP /wd4244 /wd4267 /errorReport:prompt BBWeightsCmd.cpp BoxGrid.cpp mosek_solver.cpp pluginMain.cpp
         BBWeightsCmd.cpp
         BoxGrid.cpp
         mosek_solver.cpp
         pluginMain.cpp
       Link:
         C:\Program Files (x86)\Microsoft Visual Studio 12.0\VC\bin\x86_amd64\link.exe /ERRORREPORT:PROMPT /OUT:"C:\zhiping\bbw-plugin\plug-ins\BBWeightsCmd\2016\plug-ins\BBWeightsCmd.mll" /INCREMENTAL:NO /NOLOGO /LIBPATH:"C:\Program Files\Mosek\7\tools\platform\win64x86\bin" /LIBPATH:C:\zhiping\SurfaceAnimationSoftBody\lib /LIBPATH:"C:/Program Files/Autodesk/maya2016/lib" /LIBPATH:"C:/Program Files/Autodesk/maya2016/lib/Release" kernel32.lib user32.lib gdi32.lib winspool.lib shell32.lib ole32.lib oleaut32.lib uuid.lib comdlg32.lib advapi32.lib Foundation.lib OpenMaya.lib OpenMayaAnim.lib OpenMayaUI.lib OpenMayaRender.lib glu32.lib opengl32.lib glew64.lib mosek64_7_1.lib /MANIFEST /MANIFESTUAC:"level='asInvoker' uiAccess='false'" /manifest:embed /DEBUG /PDB:"C:\zhiping\bbw-plugin\BBWeightsCmd\src\BBWeightsCmd\BBWeightsCmd\x64\Release\BBWeightsCmd.pdb" /SUBSYSTEM:CONSOLE /OPT:REF /OPT:ICF /LTCG /TLBID:1 /DYNAMICBASE /NXCOMPAT /IMPLIB:"C:\zhiping\bbw-plugin\BBWeightsCmd\src\BBWeightsCmd\BBWeightsCmd\x64\Release\BBWeightsCmd.lib" /MACHINE:X64  /machine:x64 /export:initializePlugin /export:uninitializePlugin /DLL x64\Release\BBWeightsCmd.obj
         x64\Release\BoxGrid.obj
         x64\Release\mosek_solver.obj
         x64\Release\pluginMain.obj
            Creating library C:\zhiping\bbw-plugin\BBWeightsCmd\src\BBWeightsCmd\BBWeightsCmd\x64\Release\BBWeightsCmd.lib and object C:\zhiping\bbw-plugin\BBWeightsCmd\src\BBWeightsCmd\BBWeightsCmd\x64\Release\BBWeightsCmd.exp
         Generating code
         Finished generating code
         BBWeightsCmd.vcxproj -> C:\zhiping\bbw-plugin\plug-ins\BBWeightsCmd\2016\plug-ins\BBWeightsCmd.mll
     1>Done Building Project "C:\zhiping\bbw-plugin\BBWeightsCmd\src\BBWeightsCmd\BBWeightsCmd\BBWeightsCmd.vcxproj" (Build target(s)).

Build succeeded.

Time Elapsed 00:00:09.20
